{"C:\\Users\\admin\\Desktop\\IT&React\\React-lessons\\15-lesson-react\\index.js": {"path":"C:\\Users\\admin\\Desktop\\IT&React\\React-lessons\\15-lesson-react\\index.js","statementMap":{"0":{"start":{"line":2,"column":2},"end":{"line":2,"column":15}},"1":{"start":{"line":6,"column":2},"end":{"line":6,"column":15}},"2":{"start":{"line":10,"column":2},"end":{"line":10,"column":15}},"3":{"start":{"line":14,"column":2},"end":{"line":14,"column":15}},"4":{"start":{"line":17,"column":0},"end":{"line":17,"column":51}}},"fnMap":{"0":{"name":"multiple","decl":{"start":{"line":1,"column":9},"end":{"line":1,"column":17}},"loc":{"start":{"line":1,"column":24},"end":{"line":3,"column":1}},"line":1},"1":{"name":"divide","decl":{"start":{"line":5,"column":9},"end":{"line":5,"column":15}},"loc":{"start":{"line":5,"column":22},"end":{"line":7,"column":1}},"line":5},"2":{"name":"add","decl":{"start":{"line":9,"column":9},"end":{"line":9,"column":12}},"loc":{"start":{"line":9,"column":19},"end":{"line":11,"column":1}},"line":9},"3":{"name":"differ","decl":{"start":{"line":13,"column":9},"end":{"line":13,"column":15}},"loc":{"start":{"line":13,"column":22},"end":{"line":15,"column":1}},"line":13}},"branchMap":{},"s":{"0":1,"1":1,"2":1,"3":1,"4":1},"f":{"0":1,"1":1,"2":1,"3":1},"b":{},"_coverageSchema":"1a1c01bbd47fc00a2c39e90264f33305004495a9","hash":"84c053c147169fb6bab460a9ac72793934afcd1b"}
}
